\BOOKMARK [1][-]{section*.1}{Introduction}{}% 1
\BOOKMARK [1][-]{section*.2}{White Dwarf Runaway Fusion}{}% 2
\BOOKMARK [1][-]{section*.3}{Dark Matter Explosiveness}{}% 3
\BOOKMARK [2][-]{section*.4}{DM Transit}{section*.3}% 4
\BOOKMARK [2][-]{section*.5}{DM-DM Collisions}{section*.3}% 5
\BOOKMARK [1][-]{section*.6}{Heating Length}{}% 6
\BOOKMARK [2][-]{section*.7}{Hadrons}{section*.6}% 7
\BOOKMARK [2][-]{section*.8}{Electrons and Photons}{section*.6}% 8
\BOOKMARK [1][-]{section*.9}{Constraints}{}% 9
\BOOKMARK [2][-]{section*.10}{Dark Matter Transits}{section*.9}% 10
\BOOKMARK [2][-]{section*.15}{DM-DM Collisions}{section*.9}% 11
\BOOKMARK [1][-]{section*.16}{Concrete Examples}{}% 12
\BOOKMARK [2][-]{section*.17}{Q-balls}{section*.16}% 13
\BOOKMARK [1][-]{section*.18}{Discussion}{}% 14
\BOOKMARK [1][-]{section*.19}{Particle Interactions in a White Dwarf}{}% 15
\BOOKMARK [2][-]{section*.20}{Coulomb Collisions}{section*.19}% 16
\BOOKMARK [2][-]{section*.21}{Compton Scattering}{section*.19}% 17
\BOOKMARK [2][-]{section*.22}{Bremsstrahlung and Pair Production}{section*.19}% 18
\BOOKMARK [2][-]{section*.23}{Nuclear Interactions}{section*.19}% 19
\BOOKMARK [1][-]{section*.24}{Acknowledgements}{}% 20
\BOOKMARK [1][-]{section*.25}{References}{}% 21
